<?xml version="1.0" encoding="UTF-8"?>
<!-- Generated by org.testng.reporters.JUnitReportReporter -->
<testsuite skipped="0" hostname="INMAA-0132DT" name="com.sm.testcase.homePageTest" tests="2" failures="0" timestamp="19 Nov 2019 10:27:33 GMT" time="46.536" errors="0">
  <testcase name="getPageTitletest" time="18.555" classname="com.sm.testcase.homePageTest"/>
  <testcase name="adessomenu" time="27.981" classname="com.sm.testcase.homePageTest"/>
</testsuite> <!-- com.sm.testcase.homePageTest -->
