<?xml version="1.0" encoding="UTF-8"?>
<!-- Generated by org.testng.reporters.JUnitReportReporter -->
<testsuite skipped="0" hostname="INMAA-0132DT" name="com.sm.testcase.loginPageTest" tests="2" failures="0" timestamp="19 Nov 2019 07:17:27 GMT" time="59.371" errors="0">
  <testcase name="getPageTitletest" time="36.453" classname="com.sm.testcase.loginPageTest"/>
  <testcase name="logintest" time="22.918" classname="com.sm.testcase.loginPageTest"/>
</testsuite> <!-- com.sm.testcase.loginPageTest -->
