<?xml version="1.0" encoding="UTF-8"?>
<!-- Generated by org.testng.reporters.JUnitReportReporter -->
<testsuite skipped="0" hostname="INMAA-0132DT" name="com.sm.testcase.imoPageTest" tests="3" failures="0" timestamp="23 Dec 2019 11:19:48 GMT" time="93.250" errors="0">
  <testcase name="imopagetitle" time="20.976" classname="com.sm.testcase.imoPageTest"/>
  <testcase name="imoPageTestvalue" time="40.866" classname="com.sm.testcase.imoPageTest"/>
  <testcase name="imoPageTestvalue" time="31.408" classname="com.sm.testcase.imoPageTest"/>
</testsuite> <!-- com.sm.testcase.imoPageTest -->
